<?xml version="1.0" encoding="UTF-8"?>
<testng-results ignored="0" total="1" passed="1" failed="0" skipped="0">
  <reporter-output>
  </reporter-output>
  <suite started-at="2023-08-23T17:20:44 IST" name="Default suite" finished-at="2023-08-23T17:21:02 IST" duration-ms="17783">
    <groups>
    </groups>
    <test started-at="2023-08-23T17:20:44 IST" name="Default test" finished-at="2023-08-23T17:21:02 IST" duration-ms="17783">
      <class name="worktest.wtest2dragdrop">
        <test-method is-config="true" signature="setup()[pri:0, instance:worktest.wtest2dragdrop@4afcd809]" started-at="2023-08-23T17:20:44 IST" name="setup" finished-at="2023-08-23T17:20:52 IST" duration-ms="7551" status="PASS">
          <reporter-output>
          </reporter-output>
        </test-method> <!-- setup -->
        <test-method is-config="true" signature="urlload()[pri:0, instance:worktest.wtest2dragdrop@4afcd809]" started-at="2023-08-23T17:20:52 IST" name="urlload" finished-at="2023-08-23T17:20:58 IST" duration-ms="6194" status="PASS">
          <reporter-output>
          </reporter-output>
        </test-method> <!-- urlload -->
        <test-method signature="drag()[pri:0, instance:worktest.wtest2dragdrop@4afcd809]" started-at="2023-08-23T17:20:58 IST" name="drag" finished-at="2023-08-23T17:21:02 IST" duration-ms="3953" status="PASS">
          <reporter-output>
          </reporter-output>
        </test-method> <!-- drag -->
      </class> <!-- worktest.wtest2dragdrop -->
    </test> <!-- Default test -->
  </suite> <!-- Default suite -->
</testng-results>
